0 info it worked if it ends with ok
1 verbose cli [ '/usr/local/bin/node', '/usr/local/bin/npm', 'run', 'standard' ]
2 info using npm@3.10.3
3 info using node@v6.5.0
4 verbose run-script [ 'prestandard', 'standard', 'poststandard' ]
5 info lifecycle graphql-nodejs-first@1.0.0~prestandard: graphql-nodejs-first@1.0.0
6 silly lifecycle graphql-nodejs-first@1.0.0~prestandard: no script for prestandard, continuing
7 info lifecycle graphql-nodejs-first@1.0.0~standard: graphql-nodejs-first@1.0.0
8 verbose lifecycle graphql-nodejs-first@1.0.0~standard: unsafe-perm in lifecycle true
9 verbose lifecycle graphql-nodejs-first@1.0.0~standard: PATH: /usr/local/lib/node_modules/npm/bin/node-gyp-bin:/Users/bhuang/ben-github/graphql-nodejs-first/node_modules/.bin:/usr/local/bin:/Library/Frameworks/Python.framework/Versions/3.6/bin:/Library/Frameworks/Python.framework/Versions/2.7/bin:/usr/local/bin:/usr/bin:/bin:/usr/sbin:/sbin:/usr/local/share/dotnet:/Library/Frameworks/Mono.framework/Versions/Current/Commands:/Users/bhuang/Downloads/google-cloud-sdk/bin:/Library/Frameworks/Python.framework/Versions/3.6/bin:/Library/Frameworks/Python.framework/Versions/2.7/bin
10 verbose lifecycle graphql-nodejs-first@1.0.0~standard: CWD: /Users/bhuang/ben-github/graphql-nodejs-first
11 silly lifecycle graphql-nodejs-first@1.0.0~standard: Args: [ '-c', 'standard' ]
12 silly lifecycle graphql-nodejs-first@1.0.0~standard: Returned: code: 1  signal: null
13 info lifecycle graphql-nodejs-first@1.0.0~standard: Failed to exec standard script
14 verbose stack Error: graphql-nodejs-first@1.0.0 standard: `standard`
14 verbose stack Exit status 1
14 verbose stack     at EventEmitter.<anonymous> (/usr/local/lib/node_modules/npm/lib/utils/lifecycle.js:242:16)
14 verbose stack     at emitTwo (events.js:106:13)
14 verbose stack     at EventEmitter.emit (events.js:191:7)
14 verbose stack     at ChildProcess.<anonymous> (/usr/local/lib/node_modules/npm/lib/utils/spawn.js:40:14)
14 verbose stack     at emitTwo (events.js:106:13)
14 verbose stack     at ChildProcess.emit (events.js:191:7)
14 verbose stack     at maybeClose (internal/child_process.js:877:16)
14 verbose stack     at Process.ChildProcess._handle.onexit (internal/child_process.js:226:5)
15 verbose pkgid graphql-nodejs-first@1.0.0
16 verbose cwd /Users/bhuang/ben-github/graphql-nodejs-first
17 error Darwin 16.7.0
18 error argv "/usr/local/bin/node" "/usr/local/bin/npm" "run" "standard"
19 error node v6.5.0
20 error npm  v3.10.3
21 error code ELIFECYCLE
22 error graphql-nodejs-first@1.0.0 standard: `standard`
22 error Exit status 1
23 error Failed at the graphql-nodejs-first@1.0.0 standard script 'standard'.
23 error Make sure you have the latest version of node.js and npm installed.
23 error If you do, this is most likely a problem with the graphql-nodejs-first package,
23 error not with npm itself.
23 error Tell the author that this fails on your system:
23 error     standard
23 error You can get information on how to open an issue for this project with:
23 error     npm bugs graphql-nodejs-first
23 error Or if that isn't available, you can get their info via:
23 error     npm owner ls graphql-nodejs-first
23 error There is likely additional logging output above.
24 verbose exit [ 1, true ]
